<?xml version="1.0" encoding="UTF-8"?>
<testng-results ignored="0" total="1" passed="1" failed="0" skipped="0">
  <reporter-output>
  </reporter-output>
  <suite started-at="2024-10-01T20:10:10 IST" name="Default suite" finished-at="2024-10-01T20:10:27 IST" duration-ms="17105">
    <groups>
    </groups>
    <test started-at="2024-10-01T20:10:10 IST" name="Default test" finished-at="2024-10-01T20:10:27 IST" duration-ms="17105">
      <class name="testngwork.Fileuploadauto">
        <test-method is-config="true" signature="setup()[pri:0, instance:testngwork.Fileuploadauto@3646a422]" started-at="2024-10-01T20:10:10 IST" name="setup" finished-at="2024-10-01T20:10:16 IST" duration-ms="5875" status="PASS">
          <reporter-output>
          </reporter-output>
        </test-method> <!-- setup -->
        <test-method signature="testfile()[pri:0, instance:testngwork.Fileuploadauto@3646a422]" started-at="2024-10-01T20:10:16 IST" name="testfile" finished-at="2024-10-01T20:10:27 IST" duration-ms="11153" status="PASS">
          <reporter-output>
          </reporter-output>
        </test-method> <!-- testfile -->
      </class> <!-- testngwork.Fileuploadauto -->
    </test> <!-- Default test -->
  </suite> <!-- Default suite -->
</testng-results>
